<?xml version="1.0" encoding="UTF-8"?>
<testsuite name="org.oop.PointTest" tests="6" skipped="0" failures="0" errors="0" timestamp="2021-01-16T08:34:23" hostname="Pravithas-MacBook-Pro.local" time="0.027">
  <properties/>
  <testcase name="twoPointsWithSameXAndYCoordinatesShouldHaveADistanceOfZero()" classname="org.oop.PointTest" time="0.016"/>
  <testcase name="distanceBetweenOriginAndPointsOnUnitCircleShouldBeOne()" classname="org.oop.PointTest" time="0.002"/>
  <testcase name="originAndPointOnNegativeXAxisShouldBePiRadiansAway()" classname="org.oop.PointTest" time="0.003"/>
  <testcase name="originAndPointOnPositiveXAxisShouldBeZeroRadiansAway()" classname="org.oop.PointTest" time="0.0"/>
  <testcase name="originAndPointOnYAxisShouldBeHalfPiRadiansAway()" classname="org.oop.PointTest" time="0.0"/>
  <testcase name="distanceBetweenTwoOppositePointsOnUnitCircleShouldBeTwo()" classname="org.oop.PointTest" time="0.001"/>
  <system-out><![CDATA[]]></system-out>
  <system-err><![CDATA[]]></system-err>
</testsuite>
